# JRE version: OpenJDK Runtime Environment Temurin-17.0.13+11 (17.0.13+11) (build 17.0.13+11)
# Java VM: OpenJDK 64-Bit Server VM Temurin-17.0.13+11 (17.0.13+11, mixed mode, tiered, compressed oops, compressed class ptrs, parallel gc, windows-amd64)
GC Precious Log:
 CPUs: 8 total, 8 available
 Memory: 16157M
 Large Page Support: Disabled
 NUMA Support: Disabled
 Compressed Oops: Enabled (32-bit)
 Alignments: Space 512K, Generation 512K, Heap 2M
 Heap Min Capacity: 100M
 Heap Initial Capacity: 100M
 Heap Max Capacity: 1G
 Pre-touch: Disabled
 Parallel Workers: 8
Heap:
 PSYoungGen      total 24576K, used 23753K [0x00000000eab00000, 0x00000000ed180000, 0x0000000100000000)
  eden space 15360K, 96% used [0x00000000eab00000,0x00000000eb981cf8,0x00000000eba00000)
  from space 9216K, 96% used [0x00000000ec880000,0x00000000ed130a88,0x00000000ed180000)
  to   space 11264K, 0% used [0x00000000ebb80000,0x00000000ebb80000,0x00000000ec680000)
 ParOldGen       total 301056K, used 278508K [0x00000000c0000000, 0x00000000d2600000, 0x00000000eab00000)
  object space 301056K, 92% used [0x00000000c0000000,0x00000000d0ffb3a8,0x00000000d2600000)
 Metaspace       used 67722K, committed 68928K, reserved 1114112K
  class space    used 7047K, committed 7552K, reserved 1048576K
GC Heap History (20 events):
Event: 49.072 GC heap before
{Heap before GC invocations=222 (full 14):
 PSYoungGen      total 26624K, used 26595K [0x00000000eab00000, 0x00000000edf80000, 0x0000000100000000)
  eden space 15872K, 100% used [0x00000000eab00000,0x00000000eba80000,0x00000000eba80000)
  from space 10752K, 99% used [0x00000000eca80000,0x00000000ed4f8da8,0x00000000ed500000)
  to   space 16384K, 0% used [0x00000000eba80000,0x00000000eba80000,0x00000000eca80000)
 ParOldGen       total 301056K, used 235926K [0x00000000c0000000, 0x00000000d2600000, 0x00000000eab00000)
  object space 301056K, 78% used [0x00000000c0000000,0x00000000ce665988,0x00000000d2600000)
 Metaspace       used 67709K, committed 68928K, reserved 1114112K
  class space    used 7046K, committed 7552K, reserved 1048576K
}
Event: 49.082 GC heap after
{Heap after GC invocations=222 (full 14):
 PSYoungGen      total 26624K, used 10341K [0x00000000eab00000, 0x00000000ed380000, 0x0000000100000000)
  eden space 15872K, 0% used [0x00000000eab00000,0x00000000eab00000,0x00000000eba80000)
  from space 10752K, 96% used [0x00000000eba80000,0x00000000ec4996f0,0x00000000ec500000)
  to   space 12288K, 0% used [0x00000000ec780000,0x00000000ec780000,0x00000000ed380000)
 ParOldGen       total 301056K, used 239885K [0x00000000c0000000, 0x00000000d2600000, 0x00000000eab00000)
  object space 301056K, 79% used [0x00000000c0000000,0x00000000cea43630,0x00000000d2600000)
 Metaspace       used 67709K, committed 68928K, reserved 1114112K
  class space    used 7046K, committed 7552K, reserved 1048576K
}
Event: 49.235 GC heap before
{Heap before GC invocations=223 (full 14):
 PSYoungGen      total 26624K, used 26213K [0x00000000eab00000, 0x00000000ed380000, 0x0000000100000000)
  eden space 15872K, 100% used [0x00000000eab00000,0x00000000eba80000,0x00000000eba80000)
  from space 10752K, 96% used [0x00000000eba80000,0x00000000ec4996f0,0x00000000ec500000)
  to   space 12288K, 0% used [0x00000000ec780000,0x00000000ec780000,0x00000000ed380000)
 ParOldGen       total 301056K, used 239885K [0x00000000c0000000, 0x00000000d2600000, 0x00000000eab00000)
  object space 301056K, 79% used [0x00000000c0000000,0x00000000cea43630,0x00000000d2600000)
 Metaspace       used 67709K, committed 68928K, reserved 1114112K
  class space    used 7046K, committed 7552K, reserved 1048576K
}
Event: 49.247 GC heap after
{Heap after GC invocations=223 (full 14):
 PSYoungGen      total 26112K, used 12266K [0x00000000eab00000, 0x00000000ed980000, 0x0000000100000000)
  eden space 13824K, 0% used [0x00000000eab00000,0x00000000eab00000,0x00000000eb880000)
  from space 12288K, 99% used [0x00000000ec780000,0x00000000ed37ab00,0x00000000ed380000)
  to   space 15360K, 0% used [0x00000000eb880000,0x00000000eb880000,0x00000000ec780000)
 ParOldGen       total 301056K, used 241984K [0x00000000c0000000, 0x00000000d2600000, 0x00000000eab00000)
  object space 301056K, 80% used [0x00000000c0000000,0x00000000cec502b0,0x00000000d2600000)
 Metaspace       used 67709K, committed 68928K, reserved 1114112K
  class space    used 7046K, committed 7552K, reserved 1048576K
}
Event: 49.330 GC heap before
{Heap before GC invocations=224 (full 14):
 PSYoungGen      total 26112K, used 26090K [0x00000000eab00000, 0x00000000ed980000, 0x0000000100000000)
  eden space 13824K, 100% used [0x00000000eab00000,0x00000000eb880000,0x00000000eb880000)
  from space 12288K, 99% used [0x00000000ec780000,0x00000000ed37ab00,0x00000000ed380000)
  to   space 15360K, 0% used [0x00000000eb880000,0x00000000eb880000,0x00000000ec780000)
 ParOldGen       total 301056K, used 241984K [0x00000000c0000000, 0x00000000d2600000, 0x00000000eab00000)
  object space 301056K, 80% used [0x00000000c0000000,0x00000000cec502b0,0x00000000d2600000)
 Metaspace       used 67709K, committed 68928K, reserved 1114112K
  class space    used 7046K, committed 7552K, reserved 1048576K
}
Event: 49.342 GC heap after
{Heap after GC invocations=224 (full 14):
 PSYoungGen      total 24064K, used 10208K [0x00000000eab00000, 0x00000000ed080000, 0x0000000100000000)
  eden space 13824K, 0% used [0x00000000eab00000,0x00000000eab00000,0x00000000eb880000)
  from space 10240K, 99% used [0x00000000eb880000,0x00000000ec278108,0x00000000ec280000)
  to   space 11776K, 0% used [0x00000000ec500000,0x00000000ec500000,0x00000000ed080000)
 ParOldGen       total 301056K, used 247598K [0x00000000c0000000, 0x00000000d2600000, 0x00000000eab00000)
  object space 301056K, 82% used [0x00000000c0000000,0x00000000cf1cb8a0,0x00000000d2600000)
 Metaspace       used 67709K, committed 68928K, reserved 1114112K
  class space    used 7046K, committed 7552K, reserved 1048576K
}
Event: 49.410 GC heap before
{Heap before GC invocations=225 (full 14):
 PSYoungGen      total 24064K, used 24032K [0x00000000eab00000, 0x00000000ed080000, 0x0000000100000000)
  eden space 13824K, 100% used [0x00000000eab00000,0x00000000eb880000,0x00000000eb880000)
  from space 10240K, 99% used [0x00000000eb880000,0x00000000ec278108,0x00000000ec280000)
  to   space 11776K, 0% used [0x00000000ec500000,0x00000000ec500000,0x00000000ed080000)
 ParOldGen       total 301056K, used 247598K [0x00000000c0000000, 0x00000000d2600000, 0x00000000eab00000)
  object space 301056K, 82% used [0x00000000c0000000,0x00000000cf1cb8a0,0x00000000d2600000)
 Metaspace       used 67709K, committed 68928K, reserved 1114112K
  class space    used 7046K, committed 7552K, reserved 1048576K
}
Event: 49.422 GC heap after
{Heap after GC invocations=225 (full 14):
 PSYoungGen      total 24064K, used 11772K [0x00000000eab00000, 0x00000000ed580000, 0x0000000100000000)
  eden space 12288K, 0% used [0x00000000eab00000,0x00000000eab00000,0x00000000eb700000)
  from space 11776K, 99% used [0x00000000ec500000,0x00000000ed07f1e0,0x00000000ed080000)
  to   space 14336K, 0% used [0x00000000eb700000,0x00000000eb700000,0x00000000ec500000)
 ParOldGen       total 301056K, used 249495K [0x00000000c0000000, 0x00000000d2600000, 0x00000000eab00000)
  object space 301056K, 82% used [0x00000000c0000000,0x00000000cf3a5f80,0x00000000d2600000)
 Metaspace       used 67709K, committed 68928K, reserved 1114112K
  class space    used 7046K, committed 7552K, reserved 1048576K
}
Event: 49.469 GC heap before
{Heap before GC invocations=226 (full 14):
 PSYoungGen      total 24064K, used 24060K [0x00000000eab00000, 0x00000000ed580000, 0x0000000100000000)
  eden space 12288K, 100% used [0x00000000eab00000,0x00000000eb700000,0x00000000eb700000)
  from space 11776K, 99% used [0x00000000ec500000,0x00000000ed07f1e0,0x00000000ed080000)
  to   space 14336K, 0% used [0x00000000eb700000,0x00000000eb700000,0x00000000ec500000)
 ParOldGen       total 301056K, used 249495K [0x00000000c0000000, 0x00000000d2600000, 0x00000000eab00000)
  object space 301056K, 82% used [0x00000000c0000000,0x00000000cf3a5f80,0x00000000d2600000)
 Metaspace       used 67709K, committed 68928K, reserved 1114112K
  class space    used 7046K, committed 7552K, reserved 1048576K
}
Event: 49.489 GC heap after
{Heap after GC invocations=226 (full 14):
 PSYoungGen      total 22528K, used 9956K [0x00000000eab00000, 0x00000000ecf00000, 0x0000000100000000)
  eden space 12288K, 0% used [0x00000000eab00000,0x00000000eab00000,0x00000000eb700000)
  from space 10240K, 97% used [0x00000000eb700000,0x00000000ec0b9358,0x00000000ec100000)
  to   space 11776K, 0% used [0x00000000ec380000,0x00000000ec380000,0x00000000ecf00000)
 ParOldGen       total 301056K, used 254965K [0x00000000c0000000, 0x00000000d2600000, 0x00000000eab00000)
  object space 301056K, 84% used [0x00000000c0000000,0x00000000cf8fd5b8,0x00000000d2600000)
 Metaspace       used 67709K, committed 68928K, reserved 1114112K
  class space    used 7046K, committed 7552K, reserved 1048576K
}
Event: 49.544 GC heap before
{Heap before GC invocations=227 (full 14):
 PSYoungGen      total 22528K, used 22244K [0x00000000eab00000, 0x00000000ecf00000, 0x0000000100000000)
  eden space 12288K, 100% used [0x00000000eab00000,0x00000000eb700000,0x00000000eb700000)
  from space 10240K, 97% used [0x00000000eb700000,0x00000000ec0b9358,0x00000000ec100000)
  to   space 11776K, 0% used [0x00000000ec380000,0x00000000ec380000,0x00000000ecf00000)
 ParOldGen       total 301056K, used 254965K [0x00000000c0000000, 0x00000000d2600000, 0x00000000eab00000)
  object space 301056K, 84% used [0x00000000c0000000,0x00000000cf8fd5b8,0x00000000d2600000)
 Metaspace       used 67709K, committed 68928K, reserved 1114112K
  class space    used 7046K, committed 7552K, reserved 1048576K
}
Event: 49.552 GC heap after
{Heap after GC invocations=227 (full 14):
 PSYoungGen      total 24064K, used 11774K [0x00000000eab00000, 0x00000000ecf00000, 0x0000000100000000)
  eden space 12288K, 0% used [0x00000000eab00000,0x00000000eab00000,0x00000000eb700000)
  from space 11776K, 99% used [0x00000000ec380000,0x00000000eceff850,0x00000000ecf00000)
  to   space 10240K, 0% used [0x00000000eb700000,0x00000000eb700000,0x00000000ec100000)
 ParOldGen       total 301056K, used 257172K [0x00000000c0000000, 0x00000000d2600000, 0x00000000eab00000)
  object space 301056K, 85% used [0x00000000c0000000,0x00000000cfb25098,0x00000000d2600000)
 Metaspace       used 67709K, committed 68928K, reserved 1114112K
  class space    used 7046K, committed 7552K, reserved 1048576K
}
Event: 49.612 GC heap before
{Heap before GC invocations=228 (full 14):
 PSYoungGen      total 24064K, used 24023K [0x00000000eab00000, 0x00000000ecf00000, 0x0000000100000000)
  eden space 12288K, 99% used [0x00000000eab00000,0x00000000eb6f6750,0x00000000eb700000)
  from space 11776K, 99% used [0x00000000ec380000,0x00000000eceff850,0x00000000ecf00000)
  to   space 10240K, 0% used [0x00000000eb700000,0x00000000eb700000,0x00000000ec100000)
 ParOldGen       total 301056K, used 257172K [0x00000000c0000000, 0x00000000d2600000, 0x00000000eab00000)
  object space 301056K, 85% used [0x00000000c0000000,0x00000000cfb25098,0x00000000d2600000)
 Metaspace       used 67709K, committed 68928K, reserved 1114112K
  class space    used 7046K, committed 7552K, reserved 1048576K
}
Event: 49.623 GC heap after
{Heap after GC invocations=228 (full 14):
 PSYoungGen      total 22528K, used 10233K [0x00000000eab00000, 0x00000000ed900000, 0x0000000100000000)
  eden space 12288K, 0% used [0x00000000eab00000,0x00000000eab00000,0x00000000eb700000)
  from space 10240K, 99% used [0x00000000eb700000,0x00000000ec0fe678,0x00000000ec100000)
  to   space 16896K, 0% used [0x00000000ec880000,0x00000000ec880000,0x00000000ed900000)
 ParOldGen       total 301056K, used 263099K [0x00000000c0000000, 0x00000000d2600000, 0x00000000eab00000)
  object space 301056K, 87% used [0x00000000c0000000,0x00000000d00eeed8,0x00000000d2600000)
 Metaspace       used 67709K, committed 68928K, reserved 1114112K
  class space    used 7046K, committed 7552K, reserved 1048576K
}
Event: 49.669 GC heap before
{Heap before GC invocations=229 (full 14):
 PSYoungGen      total 22528K, used 22521K [0x00000000eab00000, 0x00000000ed900000, 0x0000000100000000)
  eden space 12288K, 99% used [0x00000000eab00000,0x00000000eb6fffd8,0x00000000eb700000)
  from space 10240K, 99% used [0x00000000eb700000,0x00000000ec0fe678,0x00000000ec100000)
  to   space 16896K, 0% used [0x00000000ec880000,0x00000000ec880000,0x00000000ed900000)
 ParOldGen       total 301056K, used 263099K [0x00000000c0000000, 0x00000000d2600000, 0x00000000eab00000)
  object space 301056K, 87% used [0x00000000c0000000,0x00000000d00eeed8,0x00000000d2600000)
 Metaspace       used 67709K, committed 68928K, reserved 1114112K
  class space    used 7046K, committed 7552K, reserved 1048576K
}
Event: 49.690 GC heap after
{Heap after GC invocations=229 (full 14):
 PSYoungGen      total 23040K, used 9242K [0x00000000eab00000, 0x00000000ed200000, 0x0000000100000000)
  eden space 13312K, 0% used [0x00000000eab00000,0x00000000eab00000,0x00000000eb800000)
  from space 9728K, 95% used [0x00000000ec880000,0x00000000ed186bb0,0x00000000ed200000)
  to   space 12288K, 0% used [0x00000000eba00000,0x00000000eba00000,0x00000000ec600000)
 ParOldGen       total 301056K, used 268771K [0x00000000c0000000, 0x00000000d2600000, 0x00000000eab00000)
  object space 301056K, 89% used [0x00000000c0000000,0x00000000d0678fb0,0x00000000d2600000)
 Metaspace       used 67709K, committed 68928K, reserved 1114112K
  class space    used 7046K, committed 7552K, reserved 1048576K
}
Event: 49.790 GC heap before
{Heap before GC invocations=230 (full 14):
 PSYoungGen      total 23040K, used 22494K [0x00000000eab00000, 0x00000000ed200000, 0x0000000100000000)
  eden space 13312K, 99% used [0x00000000eab00000,0x00000000eb7f0f80,0x00000000eb800000)
  from space 9728K, 95% used [0x00000000ec880000,0x00000000ed186bb0,0x00000000ed200000)
  to   space 12288K, 0% used [0x00000000eba00000,0x00000000eba00000,0x00000000ec600000)
 ParOldGen       total 301056K, used 268771K [0x00000000c0000000, 0x00000000d2600000, 0x00000000eab00000)
  object space 301056K, 89% used [0x00000000c0000000,0x00000000d0678fb0,0x00000000d2600000)
 Metaspace       used 67709K, committed 68928K, reserved 1114112K
  class space    used 7046K, committed 7552K, reserved 1048576K
}
Event: 49.796 GC heap after
{Heap after GC invocations=230 (full 14):
 PSYoungGen      total 26624K, used 12287K [0x00000000eab00000, 0x00000000ed800000, 0x0000000100000000)
  eden space 14336K, 0% used [0x00000000eab00000,0x00000000eab00000,0x00000000eb900000)
  from space 12288K, 99% used [0x00000000eba00000,0x00000000ec5ffc18,0x00000000ec600000)
  to   space 15872K, 0% used [0x00000000ec880000,0x00000000ec880000,0x00000000ed800000)
 ParOldGen       total 301056K, used 271060K [0x00000000c0000000, 0x00000000d2600000, 0x00000000eab00000)
  object space 301056K, 90% used [0x00000000c0000000,0x00000000d08b51d8,0x00000000d2600000)
 Metaspace       used 67709K, committed 68928K, reserved 1114112K
  class space    used 7046K, committed 7552K, reserved 1048576K
}
Event: 50.225 GC heap before
{Heap before GC invocations=231 (full 14):
 PSYoungGen      total 26624K, used 26623K [0x00000000eab00000, 0x00000000ed800000, 0x0000000100000000)
  eden space 14336K, 100% used [0x00000000eab00000,0x00000000eb900000,0x00000000eb900000)
  from space 12288K, 99% used [0x00000000eba00000,0x00000000ec5ffc18,0x00000000ec600000)
  to   space 15872K, 0% used [0x00000000ec880000,0x00000000ec880000,0x00000000ed800000)
 ParOldGen       total 301056K, used 271060K [0x00000000c0000000, 0x00000000d2600000, 0x00000000eab00000)
  object space 301056K, 90% used [0x00000000c0000000,0x00000000d08b51d8,0x00000000d2600000)
 Metaspace       used 67722K, committed 68928K, reserved 1114112K
  class space    used 7047K, committed 7552K, reserved 1048576K
}
Event: 50.233 GC heap after
{Heap after GC invocations=231 (full 14):
 PSYoungGen      total 24576K, used 8898K [0x00000000eab00000, 0x00000000ed180000, 0x0000000100000000)
  eden space 15360K, 0% used [0x00000000eab00000,0x00000000eab00000,0x00000000eba00000)
  from space 9216K, 96% used [0x00000000ec880000,0x00000000ed130a88,0x00000000ed180000)
  to   space 11264K, 0% used [0x00000000ebb80000,0x00000000ebb80000,0x00000000ec680000)
 ParOldGen       total 301056K, used 278508K [0x00000000c0000000, 0x00000000d2600000, 0x00000000eab00000)
  object space 301056K, 92% used [0x00000000c0000000,0x00000000d0ffb3a8,0x00000000d2600000)
 Metaspace       used 67722K, committed 68928K, reserved 1114112K
  class space    used 7047K, committed 7552K, reserved 1048576K
}

