# JRE version: OpenJDK Runtime Environment Microsoft-8035246 (17.0.8+7) (build 17.0.8+7-LTS)
# Java VM: OpenJDK 64-Bit Server VM Microsoft-8035246 (17.0.8+7-LTS, mixed mode, sharing, tiered, compressed oops, compressed class ptrs, g1 gc, windows-amd64)
GC Precious Log:
 CPUs: 8 total, 8 available
 Memory: 16157M
 Large Page Support: Disabled
 NUMA Support: Disabled
 Compressed Oops: Enabled (32-bit)
 Heap Region Size: 1M
 Heap Min Capacity: 8M
 Heap Initial Capacity: 254M
 Heap Max Capacity: 2G
 Pre-touch: Disabled
 Parallel Workers: 8
 Concurrent Workers: 2
 Concurrent Refinement Workers: 8
 Periodic GC: Disabled
Heap:
 garbage-first heap   total 179200K, used 149976K [0x0000000080000000, 0x0000000100000000)
  region size 1024K, 24 young (24576K), 3 survivors (3072K)
 Metaspace       used 133392K, committed 134336K, reserved 557056K
  class space    used 17179K, committed 17600K, reserved 425984K
GC Heap History (20 events):
Event: 32.672 GC heap before
{Heap before GC invocations=48 (full 0):
 garbage-first heap   total 179200K, used 150285K [0x0000000080000000, 0x0000000100000000)
  region size 1024K, 42 young (43008K), 4 survivors (4096K)
 Metaspace       used 105695K, committed 106496K, reserved 557056K
  class space    used 14361K, committed 14784K, reserved 425984K
}
Event: 32.681 GC heap after
{Heap after GC invocations=49 (full 0):
 garbage-first heap   total 179200K, used 112368K [0x0000000080000000, 0x0000000100000000)
  region size 1024K, 5 young (5120K), 5 survivors (5120K)
 Metaspace       used 105695K, committed 106496K, reserved 557056K
  class space    used 14361K, committed 14784K, reserved 425984K
}
Event: 33.671 GC heap before
{Heap before GC invocations=49 (full 0):
 garbage-first heap   total 179200K, used 150256K [0x0000000080000000, 0x0000000100000000)
  region size 1024K, 42 young (43008K), 5 survivors (5120K)
 Metaspace       used 107630K, committed 108416K, reserved 557056K
  class space    used 14565K, committed 14976K, reserved 425984K
}
Event: 33.680 GC heap after
{Heap after GC invocations=50 (full 0):
 garbage-first heap   total 179200K, used 115897K [0x0000000080000000, 0x0000000100000000)
  region size 1024K, 6 young (6144K), 6 survivors (6144K)
 Metaspace       used 107630K, committed 108416K, reserved 557056K
  class space    used 14565K, committed 14976K, reserved 425984K
}
Event: 34.741 GC heap before
{Heap before GC invocations=50 (full 0):
 garbage-first heap   total 179200K, used 150713K [0x0000000080000000, 0x0000000100000000)
  region size 1024K, 40 young (40960K), 6 survivors (6144K)
 Metaspace       used 110105K, committed 110976K, reserved 557056K
  class space    used 14833K, committed 15232K, reserved 425984K
}
Event: 34.751 GC heap after
{Heap after GC invocations=51 (full 0):
 garbage-first heap   total 179200K, used 118421K [0x0000000080000000, 0x0000000100000000)
  region size 1024K, 3 young (3072K), 3 survivors (3072K)
 Metaspace       used 110105K, committed 110976K, reserved 557056K
  class space    used 14833K, committed 15232K, reserved 425984K
}
Event: 37.444 GC heap before
{Heap before GC invocations=51 (full 0):
 garbage-first heap   total 179200K, used 151189K [0x0000000080000000, 0x0000000100000000)
  region size 1024K, 35 young (35840K), 3 survivors (3072K)
 Metaspace       used 112290K, committed 113152K, reserved 557056K
  class space    used 14986K, committed 15424K, reserved 425984K
}
Event: 37.452 GC heap after
{Heap after GC invocations=52 (full 0):
 garbage-first heap   total 179200K, used 122730K [0x0000000080000000, 0x0000000100000000)
  region size 1024K, 5 young (5120K), 5 survivors (5120K)
 Metaspace       used 112290K, committed 113152K, reserved 557056K
  class space    used 14986K, committed 15424K, reserved 425984K
}
Event: 39.235 GC heap before
{Heap before GC invocations=52 (full 0):
 garbage-first heap   total 179200K, used 151402K [0x0000000080000000, 0x0000000100000000)
  region size 1024K, 33 young (33792K), 5 survivors (5120K)
 Metaspace       used 115201K, committed 116032K, reserved 557056K
  class space    used 15270K, committed 15680K, reserved 425984K
}
Event: 39.245 GC heap after
{Heap after GC invocations=53 (full 0):
 garbage-first heap   total 179200K, used 125209K [0x0000000080000000, 0x0000000100000000)
  region size 1024K, 3 young (3072K), 3 survivors (3072K)
 Metaspace       used 115201K, committed 116032K, reserved 557056K
  class space    used 15270K, committed 15680K, reserved 425984K
}
Event: 40.350 GC heap before
{Heap before GC invocations=53 (full 0):
 garbage-first heap   total 179200K, used 150809K [0x0000000080000000, 0x0000000100000000)
  region size 1024K, 29 young (29696K), 3 survivors (3072K)
 Metaspace       used 117901K, committed 118784K, reserved 557056K
  class space    used 15554K, committed 16000K, reserved 425984K
}
Event: 40.355 GC heap after
{Heap after GC invocations=54 (full 0):
 garbage-first heap   total 179200K, used 126820K [0x0000000080000000, 0x0000000100000000)
  region size 1024K, 4 young (4096K), 4 survivors (4096K)
 Metaspace       used 117901K, committed 118784K, reserved 557056K
  class space    used 15554K, committed 16000K, reserved 425984K
}
Event: 40.891 GC heap before
{Heap before GC invocations=54 (full 0):
 garbage-first heap   total 179200K, used 151396K [0x0000000080000000, 0x0000000100000000)
  region size 1024K, 29 young (29696K), 4 survivors (4096K)
 Metaspace       used 120804K, committed 121664K, reserved 557056K
  class space    used 15942K, committed 16384K, reserved 425984K
}
Event: 40.896 GC heap after
{Heap after GC invocations=55 (full 0):
 garbage-first heap   total 179200K, used 127522K [0x0000000080000000, 0x0000000100000000)
  region size 1024K, 3 young (3072K), 3 survivors (3072K)
 Metaspace       used 120804K, committed 121664K, reserved 557056K
  class space    used 15942K, committed 16384K, reserved 425984K
}
Event: 41.349 GC heap before
{Heap before GC invocations=55 (full 0):
 garbage-first heap   total 179200K, used 154146K [0x0000000080000000, 0x0000000100000000)
  region size 1024K, 29 young (29696K), 3 survivors (3072K)
 Metaspace       used 124548K, committed 125440K, reserved 557056K
  class space    used 16275K, committed 16704K, reserved 425984K
}
Event: 41.352 GC heap after
{Heap after GC invocations=56 (full 0):
 garbage-first heap   total 179200K, used 128340K [0x0000000080000000, 0x0000000100000000)
  region size 1024K, 2 young (2048K), 2 survivors (2048K)
 Metaspace       used 124548K, committed 125440K, reserved 557056K
  class space    used 16275K, committed 16704K, reserved 425984K
}
Event: 41.893 GC heap before
{Heap before GC invocations=56 (full 0):
 garbage-first heap   total 179200K, used 154964K [0x0000000080000000, 0x0000000100000000)
  region size 1024K, 28 young (28672K), 2 survivors (2048K)
 Metaspace       used 128358K, committed 129216K, reserved 557056K
  class space    used 16657K, committed 17088K, reserved 425984K
}
Event: 41.896 GC heap after
{Heap after GC invocations=57 (full 0):
 garbage-first heap   total 179200K, used 128828K [0x0000000080000000, 0x0000000100000000)
  region size 1024K, 3 young (3072K), 3 survivors (3072K)
 Metaspace       used 128358K, committed 129216K, reserved 557056K
  class space    used 16657K, committed 17088K, reserved 425984K
}
Event: 43.440 GC heap before
{Heap before GC invocations=57 (full 0):
 garbage-first heap   total 179200K, used 153404K [0x0000000080000000, 0x0000000100000000)
  region size 1024K, 28 young (28672K), 3 survivors (3072K)
 Metaspace       used 131633K, committed 132480K, reserved 557056K
  class space    used 16933K, committed 17344K, reserved 425984K
}
Event: 43.446 GC heap after
{Heap after GC invocations=58 (full 0):
 garbage-first heap   total 179200K, used 129496K [0x0000000080000000, 0x0000000100000000)
  region size 1024K, 3 young (3072K), 3 survivors (3072K)
 Metaspace       used 131633K, committed 132480K, reserved 557056K
  class space    used 16933K, committed 17344K, reserved 425984K
}

