# JRE version: OpenJDK Runtime Environment Temurin-17.0.13+11 (17.0.13+11) (build 17.0.13+11)
# Java VM: OpenJDK 64-Bit Server VM Temurin-17.0.13+11 (17.0.13+11, mixed mode, tiered, compressed oops, compressed class ptrs, parallel gc, windows-amd64)
GC Precious Log:
 CPUs: 8 total, 8 available
 Memory: 16157M
 Large Page Support: Disabled
 NUMA Support: Disabled
 Compressed Oops: Enabled (32-bit)
 Alignments: Space 512K, Generation 512K, Heap 2M
 Heap Min Capacity: 100M
 Heap Initial Capacity: 100M
 Heap Max Capacity: 1G
 Pre-touch: Disabled
 Parallel Workers: 8
Heap:
 PSYoungGen      total 31232K, used 1715K [0x00000000eab00000, 0x00000000ee100000, 0x0000000100000000)
  eden space 30720K, 4% used [0x00000000eab00000,0x00000000eac34f88,0x00000000ec900000)
  from space 512K, 93% used [0x00000000ee080000,0x00000000ee0f8010,0x00000000ee100000)
  to   space 1024K, 0% used [0x00000000edf00000,0x00000000edf00000,0x00000000ee000000)
 ParOldGen       total 242176K, used 200616K [0x00000000c0000000, 0x00000000cec80000, 0x00000000eab00000)
  object space 242176K, 82% used [0x00000000c0000000,0x00000000cc3ea230,0x00000000cec80000)
 Metaspace       used 83604K, committed 84864K, reserved 1179648K
  class space    used 9603K, committed 10176K, reserved 1048576K
GC Heap History (20 events):
Event: 65.548 GC heap before
{Heap before GC invocations=241 (full 13):
 PSYoungGen      total 38400K, used 38376K [0x00000000eab00000, 0x00000000ee800000, 0x0000000100000000)
  eden space 35840K, 100% used [0x00000000eab00000,0x00000000ece00000,0x00000000ece00000)
  from space 2560K, 99% used [0x00000000ee580000,0x00000000ee7fa1d0,0x00000000ee800000)
  to   space 9728K, 0% used [0x00000000ed500000,0x00000000ed500000,0x00000000ede80000)
 ParOldGen       total 242176K, used 196040K [0x00000000c0000000, 0x00000000cec80000, 0x00000000eab00000)
  object space 242176K, 80% used [0x00000000c0000000,0x00000000cbf72288,0x00000000cec80000)
 Metaspace       used 76292K, committed 77504K, reserved 1179648K
  class space    used 8308K, committed 8832K, reserved 1048576K
}
Event: 65.552 GC heap after
{Heap after GC invocations=241 (full 13):
 PSYoungGen      total 45056K, used 934K [0x00000000eab00000, 0x00000000ee600000, 0x0000000100000000)
  eden space 35328K, 0% used [0x00000000eab00000,0x00000000eab00000,0x00000000ecd80000)
  from space 9728K, 9% used [0x00000000ed500000,0x00000000ed5e9bb8,0x00000000ede80000)
  to   space 4096K, 0% used [0x00000000ee200000,0x00000000ee200000,0x00000000ee600000)
 ParOldGen       total 242176K, used 198526K [0x00000000c0000000, 0x00000000cec80000, 0x00000000eab00000)
  object space 242176K, 81% used [0x00000000c0000000,0x00000000cc1dfb40,0x00000000cec80000)
 Metaspace       used 76292K, committed 77504K, reserved 1179648K
  class space    used 8308K, committed 8832K, reserved 1048576K
}
Event: 66.027 GC heap before
{Heap before GC invocations=242 (full 13):
 PSYoungGen      total 45056K, used 36262K [0x00000000eab00000, 0x00000000ee600000, 0x0000000100000000)
  eden space 35328K, 100% used [0x00000000eab00000,0x00000000ecd80000,0x00000000ecd80000)
  from space 9728K, 9% used [0x00000000ed500000,0x00000000ed5e9bb8,0x00000000ede80000)
  to   space 4096K, 0% used [0x00000000ee200000,0x00000000ee200000,0x00000000ee600000)
 ParOldGen       total 242176K, used 198526K [0x00000000c0000000, 0x00000000cec80000, 0x00000000eab00000)
  object space 242176K, 81% used [0x00000000c0000000,0x00000000cc1dfb40,0x00000000cec80000)
 Metaspace       used 78572K, committed 79808K, reserved 1179648K
  class space    used 8713K, committed 9216K, reserved 1048576K
}
Event: 66.030 GC heap after
{Heap after GC invocations=242 (full 13):
 PSYoungGen      total 36864K, used 1600K [0x00000000eab00000, 0x00000000ee400000, 0x0000000100000000)
  eden space 34816K, 0% used [0x00000000eab00000,0x00000000eab00000,0x00000000ecd00000)
  from space 2048K, 78% used [0x00000000ee200000,0x00000000ee3903c8,0x00000000ee400000)
  to   space 2048K, 0% used [0x00000000ee000000,0x00000000ee000000,0x00000000ee200000)
 ParOldGen       total 242176K, used 198534K [0x00000000c0000000, 0x00000000cec80000, 0x00000000eab00000)
  object space 242176K, 81% used [0x00000000c0000000,0x00000000cc1e1b40,0x00000000cec80000)
 Metaspace       used 78572K, committed 79808K, reserved 1179648K
  class space    used 8713K, committed 9216K, reserved 1048576K
}
Event: 66.467 GC heap before
{Heap before GC invocations=243 (full 13):
 PSYoungGen      total 36864K, used 36416K [0x00000000eab00000, 0x00000000ee400000, 0x0000000100000000)
  eden space 34816K, 100% used [0x00000000eab00000,0x00000000ecd00000,0x00000000ecd00000)
  from space 2048K, 78% used [0x00000000ee200000,0x00000000ee3903c8,0x00000000ee400000)
  to   space 2048K, 0% used [0x00000000ee000000,0x00000000ee000000,0x00000000ee200000)
 ParOldGen       total 242176K, used 198534K [0x00000000c0000000, 0x00000000cec80000, 0x00000000eab00000)
  object space 242176K, 81% used [0x00000000c0000000,0x00000000cc1e1b40,0x00000000cec80000)
 Metaspace       used 80303K, committed 81472K, reserved 1179648K
  class space    used 9116K, committed 9600K, reserved 1048576K
}
Event: 66.469 GC heap after
{Heap after GC invocations=243 (full 13):
 PSYoungGen      total 35840K, used 1210K [0x00000000eab00000, 0x00000000ee280000, 0x0000000100000000)
  eden space 34304K, 0% used [0x00000000eab00000,0x00000000eab00000,0x00000000ecc80000)
  from space 1536K, 78% used [0x00000000ee000000,0x00000000ee12e850,0x00000000ee180000)
  to   space 1024K, 0% used [0x00000000ee180000,0x00000000ee180000,0x00000000ee280000)
 ParOldGen       total 242176K, used 198534K [0x00000000c0000000, 0x00000000cec80000, 0x00000000eab00000)
  object space 242176K, 81% used [0x00000000c0000000,0x00000000cc1e1b40,0x00000000cec80000)
 Metaspace       used 80303K, committed 81472K, reserved 1179648K
  class space    used 9116K, committed 9600K, reserved 1048576K
}
Event: 66.914 GC heap before
{Heap before GC invocations=244 (full 13):
 PSYoungGen      total 35840K, used 35514K [0x00000000eab00000, 0x00000000ee280000, 0x0000000100000000)
  eden space 34304K, 100% used [0x00000000eab00000,0x00000000ecc80000,0x00000000ecc80000)
  from space 1536K, 78% used [0x00000000ee000000,0x00000000ee12e850,0x00000000ee180000)
  to   space 1024K, 0% used [0x00000000ee180000,0x00000000ee180000,0x00000000ee280000)
 ParOldGen       total 242176K, used 198534K [0x00000000c0000000, 0x00000000cec80000, 0x00000000eab00000)
  object space 242176K, 81% used [0x00000000c0000000,0x00000000cc1e1b40,0x00000000cec80000)
 Metaspace       used 81508K, committed 82688K, reserved 1179648K
  class space    used 9333K, committed 9856K, reserved 1048576K
}
Event: 66.918 GC heap after
{Heap after GC invocations=244 (full 13):
 PSYoungGen      total 34816K, used 1003K [0x00000000eab00000, 0x00000000ee280000, 0x0000000100000000)
  eden space 33792K, 0% used [0x00000000eab00000,0x00000000eab00000,0x00000000ecc00000)
  from space 1024K, 98% used [0x00000000ee180000,0x00000000ee27aea0,0x00000000ee280000)
  to   space 2048K, 0% used [0x00000000ede80000,0x00000000ede80000,0x00000000ee080000)
 ParOldGen       total 242176K, used 199417K [0x00000000c0000000, 0x00000000cec80000, 0x00000000eab00000)
  object space 242176K, 82% used [0x00000000c0000000,0x00000000cc2be680,0x00000000cec80000)
 Metaspace       used 81508K, committed 82688K, reserved 1179648K
  class space    used 9333K, committed 9856K, reserved 1048576K
}
Event: 67.249 GC heap before
{Heap before GC invocations=245 (full 13):
 PSYoungGen      total 34816K, used 34795K [0x00000000eab00000, 0x00000000ee280000, 0x0000000100000000)
  eden space 33792K, 100% used [0x00000000eab00000,0x00000000ecc00000,0x00000000ecc00000)
  from space 1024K, 98% used [0x00000000ee180000,0x00000000ee27aea0,0x00000000ee280000)
  to   space 2048K, 0% used [0x00000000ede80000,0x00000000ede80000,0x00000000ee080000)
 ParOldGen       total 242176K, used 199417K [0x00000000c0000000, 0x00000000cec80000, 0x00000000eab00000)
  object space 242176K, 82% used [0x00000000c0000000,0x00000000cc2be680,0x00000000cec80000)
 Metaspace       used 81509K, committed 82688K, reserved 1179648K
  class space    used 9333K, committed 9856K, reserved 1048576K
}
Event: 67.252 GC heap after
{Heap after GC invocations=245 (full 13):
 PSYoungGen      total 35328K, used 660K [0x00000000eab00000, 0x00000000ee200000, 0x0000000100000000)
  eden space 33280K, 0% used [0x00000000eab00000,0x00000000eab00000,0x00000000ecb80000)
  from space 2048K, 32% used [0x00000000ede80000,0x00000000edf25148,0x00000000ee080000)
  to   space 1536K, 0% used [0x00000000ee080000,0x00000000ee080000,0x00000000ee200000)
 ParOldGen       total 242176K, used 199965K [0x00000000c0000000, 0x00000000cec80000, 0x00000000eab00000)
  object space 242176K, 82% used [0x00000000c0000000,0x00000000cc3476a0,0x00000000cec80000)
 Metaspace       used 81509K, committed 82688K, reserved 1179648K
  class space    used 9333K, committed 9856K, reserved 1048576K
}
Event: 67.739 GC heap before
{Heap before GC invocations=246 (full 13):
 PSYoungGen      total 35328K, used 33940K [0x00000000eab00000, 0x00000000ee200000, 0x0000000100000000)
  eden space 33280K, 100% used [0x00000000eab00000,0x00000000ecb80000,0x00000000ecb80000)
  from space 2048K, 32% used [0x00000000ede80000,0x00000000edf25148,0x00000000ee080000)
  to   space 1536K, 0% used [0x00000000ee080000,0x00000000ee080000,0x00000000ee200000)
 ParOldGen       total 242176K, used 199965K [0x00000000c0000000, 0x00000000cec80000, 0x00000000eab00000)
  object space 242176K, 82% used [0x00000000c0000000,0x00000000cc3476a0,0x00000000cec80000)
 Metaspace       used 81509K, committed 82688K, reserved 1179648K
  class space    used 9333K, committed 9856K, reserved 1048576K
}
Event: 67.742 GC heap after
{Heap after GC invocations=246 (full 13):
 PSYoungGen      total 34304K, used 1043K [0x00000000eab00000, 0x00000000ee200000, 0x0000000100000000)
  eden space 32768K, 0% used [0x00000000eab00000,0x00000000eab00000,0x00000000ecb00000)
  from space 1536K, 67% used [0x00000000ee080000,0x00000000ee184c08,0x00000000ee200000)
  to   space 1536K, 0% used [0x00000000edf00000,0x00000000edf00000,0x00000000ee080000)
 ParOldGen       total 242176K, used 199965K [0x00000000c0000000, 0x00000000cec80000, 0x00000000eab00000)
  object space 242176K, 82% used [0x00000000c0000000,0x00000000cc3476a0,0x00000000cec80000)
 Metaspace       used 81509K, committed 82688K, reserved 1179648K
  class space    used 9333K, committed 9856K, reserved 1048576K
}
Event: 68.031 GC heap before
{Heap before GC invocations=247 (full 13):
 PSYoungGen      total 34304K, used 33811K [0x00000000eab00000, 0x00000000ee200000, 0x0000000100000000)
  eden space 32768K, 100% used [0x00000000eab00000,0x00000000ecb00000,0x00000000ecb00000)
  from space 1536K, 67% used [0x00000000ee080000,0x00000000ee184c08,0x00000000ee200000)
  to   space 1536K, 0% used [0x00000000edf00000,0x00000000edf00000,0x00000000ee080000)
 ParOldGen       total 242176K, used 199965K [0x00000000c0000000, 0x00000000cec80000, 0x00000000eab00000)
  object space 242176K, 82% used [0x00000000c0000000,0x00000000cc3476a0,0x00000000cec80000)
 Metaspace       used 81510K, committed 82688K, reserved 1179648K
  class space    used 9333K, committed 9856K, reserved 1048576K
}
Event: 68.032 GC heap after
{Heap after GC invocations=247 (full 13):
 PSYoungGen      total 33792K, used 1505K [0x00000000eab00000, 0x00000000ee100000, 0x0000000100000000)
  eden space 32256K, 0% used [0x00000000eab00000,0x00000000eab00000,0x00000000eca80000)
  from space 1536K, 98% used [0x00000000edf00000,0x00000000ee078520,0x00000000ee080000)
  to   space 512K, 0% used [0x00000000ee080000,0x00000000ee080000,0x00000000ee100000)
 ParOldGen       total 242176K, used 200005K [0x00000000c0000000, 0x00000000cec80000, 0x00000000eab00000)
  object space 242176K, 82% used [0x00000000c0000000,0x00000000cc3516a0,0x00000000cec80000)
 Metaspace       used 81510K, committed 82688K, reserved 1179648K
  class space    used 9333K, committed 9856K, reserved 1048576K
}
Event: 68.312 GC heap before
{Heap before GC invocations=248 (full 13):
 PSYoungGen      total 33792K, used 33761K [0x00000000eab00000, 0x00000000ee100000, 0x0000000100000000)
  eden space 32256K, 100% used [0x00000000eab00000,0x00000000eca80000,0x00000000eca80000)
  from space 1536K, 98% used [0x00000000edf00000,0x00000000ee078520,0x00000000ee080000)
  to   space 512K, 0% used [0x00000000ee080000,0x00000000ee080000,0x00000000ee100000)
 ParOldGen       total 242176K, used 200005K [0x00000000c0000000, 0x00000000cec80000, 0x00000000eab00000)
  object space 242176K, 82% used [0x00000000c0000000,0x00000000cc3516a0,0x00000000cec80000)
 Metaspace       used 81510K, committed 82688K, reserved 1179648K
  class space    used 9333K, committed 9856K, reserved 1048576K
}
Event: 68.314 GC heap after
{Heap after GC invocations=248 (full 13):
 PSYoungGen      total 32256K, used 256K [0x00000000eab00000, 0x00000000ee100000, 0x0000000100000000)
  eden space 31744K, 0% used [0x00000000eab00000,0x00000000eab00000,0x00000000eca00000)
  from space 512K, 50% used [0x00000000ee080000,0x00000000ee0c0000,0x00000000ee100000)
  to   space 1024K, 0% used [0x00000000edf00000,0x00000000edf00000,0x00000000ee000000)
 ParOldGen       total 242176K, used 200248K [0x00000000c0000000, 0x00000000cec80000, 0x00000000eab00000)
  object space 242176K, 82% used [0x00000000c0000000,0x00000000cc38e210,0x00000000cec80000)
 Metaspace       used 81510K, committed 82688K, reserved 1179648K
  class space    used 9333K, committed 9856K, reserved 1048576K
}
Event: 68.777 GC heap before
{Heap before GC invocations=249 (full 13):
 PSYoungGen      total 32256K, used 32000K [0x00000000eab00000, 0x00000000ee100000, 0x0000000100000000)
  eden space 31744K, 100% used [0x00000000eab00000,0x00000000eca00000,0x00000000eca00000)
  from space 512K, 50% used [0x00000000ee080000,0x00000000ee0c0000,0x00000000ee100000)
  to   space 1024K, 0% used [0x00000000edf00000,0x00000000edf00000,0x00000000ee000000)
 ParOldGen       total 242176K, used 200248K [0x00000000c0000000, 0x00000000cec80000, 0x00000000eab00000)
  object space 242176K, 82% used [0x00000000c0000000,0x00000000cc38e210,0x00000000cec80000)
 Metaspace       used 82288K, committed 83520K, reserved 1179648K
  class space    used 9459K, committed 9984K, reserved 1048576K
}
Event: 68.778 GC heap after
{Heap after GC invocations=249 (full 13):
 PSYoungGen      total 32256K, used 416K [0x00000000eab00000, 0x00000000ee100000, 0x0000000100000000)
  eden space 31232K, 0% used [0x00000000eab00000,0x00000000eab00000,0x00000000ec980000)
  from space 1024K, 40% used [0x00000000edf00000,0x00000000edf68000,0x00000000ee000000)
  to   space 512K, 0% used [0x00000000ee080000,0x00000000ee080000,0x00000000ee100000)
 ParOldGen       total 242176K, used 200256K [0x00000000c0000000, 0x00000000cec80000, 0x00000000eab00000)
  object space 242176K, 82% used [0x00000000c0000000,0x00000000cc390210,0x00000000cec80000)
 Metaspace       used 82288K, committed 83520K, reserved 1179648K
  class space    used 9459K, committed 9984K, reserved 1048576K
}
Event: 113.688 GC heap before
{Heap before GC invocations=250 (full 13):
 PSYoungGen      total 32256K, used 31648K [0x00000000eab00000, 0x00000000ee100000, 0x0000000100000000)
  eden space 31232K, 100% used [0x00000000eab00000,0x00000000ec980000,0x00000000ec980000)
  from space 1024K, 40% used [0x00000000edf00000,0x00000000edf68000,0x00000000ee000000)
  to   space 512K, 0% used [0x00000000ee080000,0x00000000ee080000,0x00000000ee100000)
 ParOldGen       total 242176K, used 200256K [0x00000000c0000000, 0x00000000cec80000, 0x00000000eab00000)
  object space 242176K, 82% used [0x00000000c0000000,0x00000000cc390210,0x00000000cec80000)
 Metaspace       used 83604K, committed 84864K, reserved 1179648K
  class space    used 9603K, committed 10176K, reserved 1048576K
}
Event: 113.691 GC heap after
{Heap after GC invocations=250 (full 13):
 PSYoungGen      total 31232K, used 480K [0x00000000eab00000, 0x00000000ee100000, 0x0000000100000000)
  eden space 30720K, 0% used [0x00000000eab00000,0x00000000eab00000,0x00000000ec900000)
  from space 512K, 93% used [0x00000000ee080000,0x00000000ee0f8010,0x00000000ee100000)
  to   space 1024K, 0% used [0x00000000edf00000,0x00000000edf00000,0x00000000ee000000)
 ParOldGen       total 242176K, used 200616K [0x00000000c0000000, 0x00000000cec80000, 0x00000000eab00000)
  object space 242176K, 82% used [0x00000000c0000000,0x00000000cc3ea230,0x00000000cec80000)
 Metaspace       used 83604K, committed 84864K, reserved 1179648K
  class space    used 9603K, committed 10176K, reserved 1048576K
}

